2025-12-12 21:51:24,433 | INFO | === Expanding step: train_to_2023-06__test_2023-07 ===
2025-12-12 21:51:24,434 | INFO | Step out_dir: results/dh_ret/call-all/IBMCTINTERACTIONS/monthly/2023-07
2025-12-12 21:51:24,434 | INFO | train_end=2023-06 | test_month=2023-07
2025-12-12 21:51:24,434 | INFO | Split sizes: train=2664 | val=448 | test=402
2025-12-12 21:51:24,437 | INFO | [guardrails] transform=none
2025-12-12 21:51:24,437 | INFO | [guardrails] winsor z: lower_q=0.0100 (-1.57646), upper_q=0.9900 (5.5768)
2025-12-12 21:51:24,667 | INFO | Training linear: ['ridge', 'lasso', 'elasticnet', 'pcr', 'pls']
2025-12-12 21:51:25,807 | INFO | [keep] ridge#1 score=-0.35180 params={'max_iter': np.int64(10000), 'alpha': 4.0990424822804545}
2025-12-12 21:51:25,811 | INFO | [keep] ridge#2 score=-0.35187 params={'max_iter': np.int64(10000), 'alpha': 4.038653086453454}
2025-12-12 21:51:45,348 | INFO | [keep] lasso#1 score=0.00432 params={'max_iter': np.int64(10000), 'alpha': 0.6053082080079019}
2025-12-12 21:51:45,352 | INFO | [keep] lasso#2 score=0.00432 params={'max_iter': np.int64(10000), 'alpha': 0.35775015430826956}
2025-12-12 21:52:07,834 | INFO | [keep] elasticnet#1 score=0.01197 params={'max_iter': np.int64(10000), 'alpha': 0.8516144627787162, 'l1_ratio': 0.10204481074802807}
2025-12-12 21:52:07,838 | INFO | [keep] elasticnet#2 score=0.00432 params={'max_iter': np.int64(10000), 'alpha': 0.6053082080079019, 'l1_ratio': 0.3834415188257777}
2025-12-12 21:52:08,332 | INFO | [keep] pcr#1 score=-0.01056 params={'pca__n_components': 1, 'ridge__alpha': 1.0}
2025-12-12 21:52:08,338 | INFO | [keep] pcr#2 score=-0.01056 params={'pca__n_components': 1, 'ridge__alpha': 0.1}
2025-12-12 21:52:08,402 | INFO | [keep] pls#1 score=-0.04567 params={'n_components': 2}
2025-12-12 21:52:08,406 | INFO | [keep] pls#2 score=-0.10267 params={'n_components': 1}
2025-12-12 21:52:08,406 | INFO | Training FFN: ['ffn']
2025-12-12 21:54:31,484 | INFO | [keep] ffn#1 score=0.02298 params={'ffn__activation': np.str_('relu'), 'ffn__batch_size': np.int64(1024), 'ffn__device': np.str_('auto'), 'ffn__hidden_width': np.int64(64), 'ffn__huber_delta': np.float64(0.5), 'ffn__learning_rate': np.float64(0.0005), 'ffn__loss': np.str_('mse'), 'ffn__max_epochs': np.int64(50), 'ffn__n_hidden_layers': np.int64(3), 'ffn__patience': np.int64(5), 'ffn__seed': np.int64(0), 'ffn__val_split': np.float64(0.1), 'ffn__width_shrink': np.float64(0.5), 'ffn__dropout': 0.16406547050082665, 'ffn__weight_decay': 6.6752987880661055e-06}
2025-12-12 21:54:32,182 | INFO | [keep] ffn#2 score=0.02276 params={'ffn__activation': np.str_('relu'), 'ffn__batch_size': np.int64(512), 'ffn__device': np.str_('auto'), 'ffn__hidden_width': np.int64(64), 'ffn__huber_delta': np.float64(2.0), 'ffn__learning_rate': np.float64(0.001), 'ffn__loss': np.str_('mse'), 'ffn__max_epochs': np.int64(100), 'ffn__n_hidden_layers': np.int64(3), 'ffn__patience': np.int64(20), 'ffn__seed': np.int64(0), 'ffn__val_split': np.float64(0.1), 'ffn__width_shrink': np.float64(0.5), 'ffn__dropout': 0.12468247828057727, 'ffn__weight_decay': 0.0006454332349976913}
2025-12-12 21:54:32,183 | INFO | Training trees: ['rf', 'lgbm_gbdt', 'lgbm_dart']
2025-12-12 21:58:28,826 | INFO | [keep] rf#1 score=0.02746 params={'bootstrap': True, 'max_depth': 12, 'max_features': 'sqrt', 'max_samples': 0.5, 'min_samples_leaf': 20, 'min_samples_split': 2, 'n_estimators': 600}
2025-12-12 21:58:30,168 | INFO | [keep] rf#2 score=0.02683 params={'bootstrap': True, 'max_depth': 8, 'max_features': 'sqrt', 'max_samples': 0.5, 'min_samples_leaf': 20, 'min_samples_split': 10, 'n_estimators': 1500}
2025-12-12 21:58:45,259 | INFO | [keep] lgbm_gbdt#1 score=0.03111 params={'bagging_freq': np.int64(10), 'colsample_bytree': np.float64(0.8), 'learning_rate': np.float64(0.003), 'max_bin': np.int64(255), 'max_depth': np.int64(-1), 'min_child_samples': np.int64(50), 'n_estimators': np.int64(2000), 'num_leaves': np.int64(63), 'subsample': np.float64(0.8), 'verbosity': np.int64(-1), 'reg_alpha': 1.0830805002539181e-05, 'reg_lambda': 0.06230760683094162} | n_estimators(refit)=190
2025-12-12 21:58:45,353 | INFO | [keep] lgbm_gbdt#2 score=0.02969 params={'bagging_freq': np.int64(10), 'colsample_bytree': np.float64(1.0), 'learning_rate': np.float64(0.01), 'max_bin': np.int64(127), 'max_depth': np.int64(-1), 'min_child_samples': np.int64(50), 'n_estimators': np.int64(3000), 'num_leaves': np.int64(31), 'subsample': np.float64(1.0), 'verbosity': np.int64(-1), 'reg_alpha': 3.225178379652067e-05, 'reg_lambda': 4.281482107464621} | n_estimators(refit)=83
2025-12-12 22:04:22,473 | INFO | [keep] lgbm_dart#1 score=0.02146 params={'bagging_freq': np.int64(10), 'colsample_bytree': np.float64(0.8), 'drop_rate': np.float64(0.2), 'learning_rate': np.float64(0.003), 'max_bin': np.int64(63), 'max_depth': np.int64(4), 'max_drop': np.int64(50), 'min_child_samples': np.int64(50), 'min_child_weight': np.float64(0.01), 'min_split_gain': np.float64(0.1), 'n_estimators': np.int64(800), 'num_leaves': np.int64(127), 'skip_drop': np.float64(0.5), 'subsample': np.float64(1.0), 'verbosity': np.int64(-1), 'reg_alpha': 5.963451201423944e-05, 'reg_lambda': 0.001327237331282108}
2025-12-12 22:04:23,344 | INFO | [keep] lgbm_dart#2 score=0.02130 params={'bagging_freq': np.int64(1), 'colsample_bytree': np.float64(0.8), 'drop_rate': np.float64(0.1), 'learning_rate': np.float64(0.02), 'max_bin': np.int64(63), 'max_depth': np.int64(4), 'max_drop': np.int64(50), 'min_child_samples': np.int64(50), 'min_child_weight': np.float64(0.001), 'min_split_gain': np.float64(0.05), 'n_estimators': np.int64(800), 'num_leaves': np.int64(127), 'skip_drop': np.float64(0.1), 'subsample': np.float64(1.0), 'verbosity': np.int64(-1), 'reg_alpha': 7.021590988467245e-06, 'reg_lambda': 0.058194329761482866}
