2025-12-12 20:57:46,418 | INFO | === Expanding step: train_to_2023-02__test_2023-03 ===
2025-12-12 20:57:46,419 | INFO | Step out_dir: results/dh_ret/put-all/IBMCTINTERACTIONS/monthly/2023-03
2025-12-12 20:57:46,419 | INFO | train_end=2023-02 | test_month=2023-03
2025-12-12 20:57:46,419 | INFO | Split sizes: train=2204 | val=418 | test=526
2025-12-12 20:57:46,422 | INFO | [guardrails] transform=none
2025-12-12 20:57:46,422 | INFO | [guardrails] winsor z: lower_q=0.0100 (-1.48632), upper_q=0.9900 (6.41867)
2025-12-12 20:57:46,637 | INFO | Training linear: ['ridge', 'lasso', 'elasticnet', 'pcr', 'pls']
2025-12-12 20:57:47,724 | INFO | [keep] ridge#1 score=-0.36306 params={'max_iter': np.int64(10000), 'alpha': 8.291189979207587}
2025-12-12 20:57:47,728 | INFO | [keep] ridge#2 score=-0.37638 params={'max_iter': np.int64(10000), 'alpha': 7.08481306320402}
2025-12-12 20:57:59,093 | INFO | [keep] lasso#1 score=0.01199 params={'max_iter': np.int64(10000), 'alpha': 0.22420123713724424}
2025-12-12 20:57:59,097 | INFO | [keep] lasso#2 score=0.01188 params={'max_iter': np.int64(10000), 'alpha': 0.19347247288603966}
2025-12-12 20:58:11,596 | INFO | [keep] elasticnet#1 score=0.01231 params={'max_iter': np.int64(10000), 'alpha': 0.8750516426087294, 'l1_ratio': 0.21689698439847394}
2025-12-12 20:58:11,600 | INFO | [keep] elasticnet#2 score=0.01211 params={'max_iter': np.int64(10000), 'alpha': 0.6053082080079019, 'l1_ratio': 0.3834415188257777}
2025-12-12 20:58:11,974 | INFO | [keep] pcr#1 score=0.01319 params={'pca__n_components': 5, 'ridge__alpha': 1.0}
2025-12-12 20:58:11,980 | INFO | [keep] pcr#2 score=0.01318 params={'pca__n_components': 5, 'ridge__alpha': 0.1}
2025-12-12 20:58:12,035 | INFO | [keep] pls#1 score=0.01047 params={'n_components': 1}
2025-12-12 20:58:12,039 | INFO | [keep] pls#2 score=-0.01607 params={'n_components': 2}
2025-12-12 20:58:12,039 | INFO | Training FFN: ['ffn']
2025-12-12 21:00:13,331 | INFO | [keep] ffn#1 score=0.02457 params={'ffn__activation': np.str_('relu'), 'ffn__batch_size': np.int64(1024), 'ffn__device': np.str_('auto'), 'ffn__hidden_width': np.int64(32), 'ffn__huber_delta': np.float64(0.5), 'ffn__learning_rate': np.float64(0.001), 'ffn__loss': np.str_('mse'), 'ffn__max_epochs': np.int64(100), 'ffn__n_hidden_layers': np.int64(3), 'ffn__patience': np.int64(10), 'ffn__seed': np.int64(0), 'ffn__val_split': np.float64(0.1), 'ffn__width_shrink': np.float64(0.5), 'ffn__dropout': 0.06685914540449407, 'ffn__weight_decay': 1.7441989086524684e-06}
2025-12-12 21:00:14,777 | INFO | [keep] ffn#2 score=0.02211 params={'ffn__activation': np.str_('gelu'), 'ffn__batch_size': np.int64(512), 'ffn__device': np.str_('auto'), 'ffn__hidden_width': np.int64(64), 'ffn__huber_delta': np.float64(1.0), 'ffn__learning_rate': np.float64(0.0001), 'ffn__loss': np.str_('mse'), 'ffn__max_epochs': np.int64(100), 'ffn__n_hidden_layers': np.int64(2), 'ffn__patience': np.int64(5), 'ffn__seed': np.int64(0), 'ffn__val_split': np.float64(0.1), 'ffn__width_shrink': np.float64(0.5), 'ffn__dropout': 0.14592313466659965, 'ffn__weight_decay': 2.2136427671228553e-05}
2025-12-12 21:00:14,778 | INFO | Training trees: ['rf', 'lgbm_gbdt', 'lgbm_dart']
2025-12-12 21:04:16,651 | INFO | [keep] rf#1 score=0.02166 params={'bootstrap': True, 'max_depth': 12, 'max_features': 'log2', 'max_samples': 0.7, 'min_samples_leaf': 20, 'min_samples_split': 2, 'n_estimators': 600}
2025-12-12 21:04:17,114 | INFO | [keep] rf#2 score=0.02107 params={'bootstrap': True, 'max_depth': 8, 'max_features': 'log2', 'max_samples': 0.7, 'min_samples_leaf': 20, 'min_samples_split': 5, 'n_estimators': 600}
2025-12-12 21:04:25,610 | INFO | [keep] lgbm_gbdt#1 score=0.02484 params={'bagging_freq': np.int64(10), 'colsample_bytree': np.float64(0.8), 'learning_rate': np.float64(0.02), 'max_bin': np.int64(63), 'max_depth': np.int64(-1), 'min_child_samples': np.int64(50), 'n_estimators': np.int64(800), 'num_leaves': np.int64(63), 'subsample': np.float64(1.0), 'verbosity': np.int64(-1), 'reg_alpha': 0.01985005396378788, 'reg_lambda': 0.005616032613563234} | n_estimators(refit)=92
2025-12-12 21:04:25,787 | INFO | [keep] lgbm_gbdt#2 score=0.02181 params={'bagging_freq': np.int64(1), 'colsample_bytree': np.float64(0.8), 'learning_rate': np.float64(0.01), 'max_bin': np.int64(255), 'max_depth': np.int64(-1), 'min_child_samples': np.int64(50), 'n_estimators': np.int64(2000), 'num_leaves': np.int64(127), 'subsample': np.float64(1.0), 'verbosity': np.int64(-1), 'reg_alpha': 3.144350681997742, 'reg_lambda': 0.01394969264149467} | n_estimators(refit)=159
2025-12-12 21:09:20,847 | INFO | [keep] lgbm_dart#1 score=0.01376 params={'bagging_freq': np.int64(1), 'colsample_bytree': np.float64(1.0), 'drop_rate': np.float64(0.2), 'learning_rate': np.float64(0.02), 'max_bin': np.int64(63), 'max_depth': np.int64(3), 'max_drop': np.int64(50), 'min_child_samples': np.int64(200), 'min_child_weight': np.float64(0.001), 'min_split_gain': np.float64(0.05), 'n_estimators': np.int64(1200), 'num_leaves': np.int64(63), 'skip_drop': np.float64(0.25), 'subsample': np.float64(0.8), 'verbosity': np.int64(-1), 'reg_alpha': 0.05156246855727782, 'reg_lambda': 0.41351405841804467}
2025-12-12 21:09:21,429 | INFO | [keep] lgbm_dart#2 score=0.01374 params={'bagging_freq': np.int64(10), 'colsample_bytree': np.float64(1.0), 'drop_rate': np.float64(0.15), 'learning_rate': np.float64(0.01), 'max_bin': np.int64(63), 'max_depth': np.int64(4), 'max_drop': np.int64(10), 'min_child_samples': np.int64(200), 'min_child_weight': np.float64(0.01), 'min_split_gain': np.float64(0.05), 'n_estimators': np.int64(1200), 'num_leaves': np.int64(127), 'skip_drop': np.float64(0.1), 'subsample': np.float64(1.0), 'verbosity': np.int64(-1), 'reg_alpha': 0.01106537076242519, 'reg_lambda': 0.2846138519843201}
