2025-12-12 21:33:24,316 | INFO | === Expanding step: train_to_2023-05__test_2023-06 ===
2025-12-12 21:33:24,316 | INFO | Step out_dir: results/dh_ret/put-all/IBMCTINTERACTIONS/monthly/2023-06
2025-12-12 21:33:24,316 | INFO | train_end=2023-05 | test_month=2023-06
2025-12-12 21:33:24,316 | INFO | Split sizes: train=2380 | val=407 | test=525
2025-12-12 21:33:24,319 | INFO | [guardrails] transform=none
2025-12-12 21:33:24,319 | INFO | [guardrails] winsor z: lower_q=0.0100 (-1.50331), upper_q=0.9900 (6.3808)
2025-12-12 21:33:24,544 | INFO | Training linear: ['ridge', 'lasso', 'elasticnet', 'pcr', 'pls']
2025-12-12 21:33:25,798 | INFO | [keep] ridge#1 score=-0.21657 params={'max_iter': np.int64(10000), 'alpha': 8.291189979207587}
2025-12-12 21:33:25,802 | INFO | [keep] ridge#2 score=-0.22383 params={'max_iter': np.int64(10000), 'alpha': 7.08481306320402}
2025-12-12 21:33:37,359 | INFO | [keep] lasso#1 score=0.01240 params={'max_iter': np.int64(10000), 'alpha': 0.16598654663071272}
2025-12-12 21:33:37,362 | INFO | [keep] lasso#2 score=0.01224 params={'max_iter': np.int64(10000), 'alpha': 0.22420123713724424}
2025-12-12 21:33:50,482 | INFO | [keep] elasticnet#1 score=0.01242 params={'max_iter': np.int64(10000), 'alpha': 0.8750516426087294, 'l1_ratio': 0.21689698439847394}
2025-12-12 21:33:50,486 | INFO | [keep] elasticnet#2 score=0.01225 params={'max_iter': np.int64(10000), 'alpha': 0.6053082080079019, 'l1_ratio': 0.3834415188257777}
2025-12-12 21:33:50,887 | INFO | [keep] pcr#1 score=0.01893 params={'pca__n_components': 6, 'ridge__alpha': 1.0}
2025-12-12 21:33:50,893 | INFO | [keep] pcr#2 score=0.01892 params={'pca__n_components': 6, 'ridge__alpha': 0.1}
2025-12-12 21:33:50,952 | INFO | [keep] pls#1 score=0.01386 params={'n_components': 1}
2025-12-12 21:33:50,957 | INFO | [keep] pls#2 score=-0.00767 params={'n_components': 2}
2025-12-12 21:33:50,957 | INFO | Training FFN: ['ffn']
2025-12-12 21:36:06,515 | INFO | [keep] ffn#1 score=0.02660 params={'ffn__activation': np.str_('gelu'), 'ffn__batch_size': np.int64(512), 'ffn__device': np.str_('auto'), 'ffn__hidden_width': np.int64(64), 'ffn__huber_delta': np.float64(1.0), 'ffn__learning_rate': np.float64(0.0001), 'ffn__loss': np.str_('mse'), 'ffn__max_epochs': np.int64(100), 'ffn__n_hidden_layers': np.int64(2), 'ffn__patience': np.int64(5), 'ffn__seed': np.int64(0), 'ffn__val_split': np.float64(0.1), 'ffn__width_shrink': np.float64(0.5), 'ffn__dropout': 0.14592313466659965, 'ffn__weight_decay': 2.2136427671228553e-05}
2025-12-12 21:36:07,392 | INFO | [keep] ffn#2 score=0.02478 params={'ffn__activation': np.str_('relu'), 'ffn__batch_size': np.int64(512), 'ffn__device': np.str_('auto'), 'ffn__hidden_width': np.int64(64), 'ffn__huber_delta': np.float64(1.0), 'ffn__learning_rate': np.float64(0.0005), 'ffn__loss': np.str_('mse'), 'ffn__max_epochs': np.int64(50), 'ffn__n_hidden_layers': np.int64(2), 'ffn__patience': np.int64(5), 'ffn__seed': np.int64(0), 'ffn__val_split': np.float64(0.1), 'ffn__width_shrink': np.float64(0.5), 'ffn__dropout': 0.10716222723363328, 'ffn__weight_decay': 0.0008293449987643943}
2025-12-12 21:36:07,393 | INFO | Training trees: ['rf', 'lgbm_gbdt', 'lgbm_dart']
2025-12-12 21:39:59,937 | INFO | [keep] rf#1 score=0.02613 params={'bootstrap': True, 'max_depth': 8, 'max_features': 'sqrt', 'max_samples': 0.7, 'min_samples_leaf': 20, 'min_samples_split': 10, 'n_estimators': 600}
2025-12-12 21:40:01,191 | INFO | [keep] rf#2 score=0.02515 params={'bootstrap': True, 'max_depth': 12, 'max_features': 'log2', 'max_samples': 0.9, 'min_samples_leaf': 20, 'min_samples_split': 5, 'n_estimators': 1500}
2025-12-12 21:40:11,316 | INFO | [keep] lgbm_gbdt#1 score=0.02661 params={'bagging_freq': np.int64(10), 'colsample_bytree': np.float64(0.8), 'learning_rate': np.float64(0.003), 'max_bin': np.int64(255), 'max_depth': np.int64(-1), 'min_child_samples': np.int64(50), 'n_estimators': np.int64(2000), 'num_leaves': np.int64(63), 'subsample': np.float64(0.8), 'verbosity': np.int64(-1), 'reg_alpha': 1.0830805002539181e-05, 'reg_lambda': 0.06230760683094162} | n_estimators(refit)=354
2025-12-12 21:40:11,526 | INFO | [keep] lgbm_gbdt#2 score=0.02554 params={'bagging_freq': np.int64(1), 'colsample_bytree': np.float64(0.8), 'learning_rate': np.float64(0.005), 'max_bin': np.int64(255), 'max_depth': np.int64(-1), 'min_child_samples': np.int64(50), 'n_estimators': np.int64(3000), 'num_leaves': np.int64(63), 'subsample': np.float64(0.8), 'verbosity': np.int64(-1), 'reg_alpha': 0.49133425416186965, 'reg_lambda': 6.816785745902279} | n_estimators(refit)=191
2025-12-12 21:45:20,633 | INFO | [keep] lgbm_dart#1 score=0.02107 params={'bagging_freq': np.int64(1), 'colsample_bytree': np.float64(1.0), 'drop_rate': np.float64(0.05), 'learning_rate': np.float64(0.003), 'max_bin': np.int64(127), 'max_depth': np.int64(-1), 'max_drop': np.int64(50), 'min_child_samples': np.int64(50), 'min_child_weight': np.float64(0.1), 'min_split_gain': np.float64(0.0), 'n_estimators': np.int64(1200), 'num_leaves': np.int64(63), 'skip_drop': np.float64(0.5), 'subsample': np.float64(0.8), 'verbosity': np.int64(-1), 'reg_alpha': 3.093731730342483, 'reg_lambda': 1.5946590546637215e-06}
2025-12-12 21:45:20,935 | INFO | [keep] lgbm_dart#2 score=0.02033 params={'bagging_freq': np.int64(10), 'colsample_bytree': np.float64(0.8), 'drop_rate': np.float64(0.1), 'learning_rate': np.float64(0.01), 'max_bin': np.int64(127), 'max_depth': np.int64(4), 'max_drop': np.int64(10), 'min_child_samples': np.int64(200), 'min_child_weight': np.float64(0.01), 'min_split_gain': np.float64(0.0), 'n_estimators': np.int64(800), 'num_leaves': np.int64(127), 'skip_drop': np.float64(0.5), 'subsample': np.float64(0.8), 'verbosity': np.int64(-1), 'reg_alpha': 3.1339239061547134e-06, 'reg_lambda': 0.00011208776772241358}
