2025-12-12 21:14:08,815 | INFO | === Expanding step: train_to_2023-03__test_2023-04 ===
2025-12-12 21:14:08,815 | INFO | Step out_dir: results/dh_ret/all-all/IBMCTINTERACTIONS/monthly/2023-04
2025-12-12 21:14:08,816 | INFO | train_end=2023-03 | test_month=2023-04
2025-12-12 21:14:08,816 | INFO | Split sizes: train=4789 | val=726 | test=983
2025-12-12 21:14:08,821 | INFO | [guardrails] transform=none
2025-12-12 21:14:08,821 | INFO | [guardrails] winsor z: lower_q=0.0100 (-1.55367), upper_q=0.9900 (5.95392)
2025-12-12 21:14:09,157 | INFO | Training linear: ['ridge', 'lasso', 'elasticnet', 'pcr', 'pls']
2025-12-12 21:14:10,885 | INFO | [keep] ridge#1 score=-0.14121 params={'max_iter': np.int64(10000), 'alpha': 8.291189979207587}
2025-12-12 21:14:10,891 | INFO | [keep] ridge#2 score=-0.14532 params={'max_iter': np.int64(10000), 'alpha': 7.08481306320402}
2025-12-12 21:14:47,132 | INFO | [keep] lasso#1 score=0.01046 params={'max_iter': np.int64(10000), 'alpha': 0.07634611079196907}
2025-12-12 21:14:47,139 | INFO | [keep] lasso#2 score=0.01037 params={'max_iter': np.int64(10000), 'alpha': 0.08432558817326784}
2025-12-12 21:15:27,542 | INFO | [keep] elasticnet#1 score=0.00993 params={'max_iter': np.int64(10000), 'alpha': 0.23948569385987084, 'l1_ratio': 0.36756187004789653}
2025-12-12 21:15:27,547 | INFO | [keep] elasticnet#2 score=0.00946 params={'max_iter': np.int64(10000), 'alpha': 0.8516144627787162, 'l1_ratio': 0.10204481074802807}
2025-12-12 21:15:28,060 | INFO | [keep] pcr#1 score=0.00548 params={'pca__n_components': 1, 'ridge__alpha': 1.0}
2025-12-12 21:15:28,069 | INFO | [keep] pcr#2 score=0.00548 params={'pca__n_components': 1, 'ridge__alpha': 0.1}
2025-12-12 21:15:28,155 | INFO | [keep] pls#1 score=-0.04619 params={'n_components': 2}
2025-12-12 21:15:28,162 | INFO | [keep] pls#2 score=-0.09169 params={'n_components': 3}
2025-12-12 21:15:28,162 | INFO | Training FFN: ['ffn']
2025-12-12 21:19:45,106 | INFO | [keep] ffn#1 score=0.00315 params={'ffn__activation': np.str_('relu'), 'ffn__batch_size': np.int64(512), 'ffn__device': np.str_('auto'), 'ffn__hidden_width': np.int64(64), 'ffn__huber_delta': np.float64(0.5), 'ffn__learning_rate': np.float64(0.0001), 'ffn__loss': np.str_('mse'), 'ffn__max_epochs': np.int64(100), 'ffn__n_hidden_layers': np.int64(3), 'ffn__patience': np.int64(20), 'ffn__seed': np.int64(0), 'ffn__val_split': np.float64(0.1), 'ffn__width_shrink': np.float64(0.5), 'ffn__dropout': 0.2428094914467595, 'ffn__weight_decay': 0.0001340004881783983}
2025-12-12 21:19:46,477 | INFO | [keep] ffn#2 score=0.00048 params={'ffn__activation': np.str_('gelu'), 'ffn__batch_size': np.int64(1024), 'ffn__device': np.str_('auto'), 'ffn__hidden_width': np.int64(32), 'ffn__huber_delta': np.float64(2.0), 'ffn__learning_rate': np.float64(0.0003), 'ffn__loss': np.str_('mse'), 'ffn__max_epochs': np.int64(50), 'ffn__n_hidden_layers': np.int64(3), 'ffn__patience': np.int64(10), 'ffn__seed': np.int64(0), 'ffn__val_split': np.float64(0.1), 'ffn__width_shrink': np.float64(1.0), 'ffn__dropout': 0.010608730726647276, 'ffn__weight_decay': 1.9552726186680726e-05}
2025-12-12 21:19:46,481 | INFO | Training trees: ['rf', 'lgbm_gbdt', 'lgbm_dart']
2025-12-12 21:24:05,594 | INFO | [keep] rf#1 score=0.01375 params={'bootstrap': True, 'max_depth': 12, 'max_features': 'sqrt', 'max_samples': 0.9, 'min_samples_leaf': 10, 'min_samples_split': 2, 'n_estimators': 600}
2025-12-12 21:24:06,850 | INFO | [keep] rf#2 score=0.01274 params={'bootstrap': True, 'max_depth': 12, 'max_features': 'log2', 'max_samples': 0.9, 'min_samples_leaf': 10, 'min_samples_split': 2, 'n_estimators': 1000}
2025-12-12 21:24:18,794 | INFO | [keep] lgbm_gbdt#1 score=0.01967 params={'bagging_freq': np.int64(10), 'colsample_bytree': np.float64(0.8), 'learning_rate': np.float64(0.01), 'max_bin': np.int64(127), 'max_depth': np.int64(-1), 'min_child_samples': np.int64(100), 'n_estimators': np.int64(800), 'num_leaves': np.int64(127), 'subsample': np.float64(0.8), 'verbosity': np.int64(-1), 'reg_alpha': 0.003620201338684272, 'reg_lambda': 5.899499127627508} | n_estimators(refit)=127
2025-12-12 21:24:18,897 | INFO | [keep] lgbm_gbdt#2 score=0.01798 params={'bagging_freq': np.int64(10), 'colsample_bytree': np.float64(0.8), 'learning_rate': np.float64(0.005), 'max_bin': np.int64(63), 'max_depth': np.int64(-1), 'min_child_samples': np.int64(50), 'n_estimators': np.int64(2000), 'num_leaves': np.int64(31), 'subsample': np.float64(1.0), 'verbosity': np.int64(-1), 'reg_alpha': 0.0038614840301041614, 'reg_lambda': 0.011564582544083464} | n_estimators(refit)=118
2025-12-12 21:32:07,019 | INFO | [keep] lgbm_dart#1 score=0.02172 params={'bagging_freq': np.int64(10), 'colsample_bytree': np.float64(1.0), 'drop_rate': np.float64(0.2), 'learning_rate': np.float64(0.01), 'max_bin': np.int64(255), 'max_depth': np.int64(-1), 'max_drop': np.int64(10), 'min_child_samples': np.int64(100), 'min_child_weight': np.float64(0.001), 'min_split_gain': np.float64(0.1), 'n_estimators': np.int64(2000), 'num_leaves': np.int64(127), 'skip_drop': np.float64(0.25), 'subsample': np.float64(0.8), 'verbosity': np.int64(-1), 'reg_alpha': 0.0002744715100024846, 'reg_lambda': 4.14703477353411e-06}
2025-12-12 21:32:10,991 | INFO | [keep] lgbm_dart#2 score=0.01839 params={'bagging_freq': np.int64(1), 'colsample_bytree': np.float64(0.8), 'drop_rate': np.float64(0.1), 'learning_rate': np.float64(0.005), 'max_bin': np.int64(255), 'max_depth': np.int64(-1), 'max_drop': np.int64(10), 'min_child_samples': np.int64(50), 'min_child_weight': np.float64(0.1), 'min_split_gain': np.float64(0.1), 'n_estimators': np.int64(1200), 'num_leaves': np.int64(63), 'skip_drop': np.float64(0.25), 'subsample': np.float64(1.0), 'verbosity': np.int64(-1), 'reg_alpha': 0.49630716834181543, 'reg_lambda': 0.003703824297251048}
