2025-12-12 22:24:57,892 | INFO | === Expanding step: train_to_2023-07__test_2023-08 ===
2025-12-12 22:24:57,893 | INFO | Step out_dir: results/dh_ret/all-all/IBMCTINTERACTIONS/monthly/2023-08
2025-12-12 22:24:57,893 | INFO | train_end=2023-07 | test_month=2023-08
2025-12-12 22:24:57,893 | INFO | Split sizes: train=5288 | val=1345 | test=860
2025-12-12 22:24:57,897 | INFO | [guardrails] transform=none
2025-12-12 22:24:57,897 | INFO | [guardrails] winsor z: lower_q=0.0100 (-1.54405), upper_q=0.9900 (5.91806)
2025-12-12 22:24:58,242 | INFO | Training linear: ['ridge', 'lasso', 'elasticnet', 'pcr', 'pls']
2025-12-12 22:24:59,951 | INFO | [keep] ridge#1 score=-0.12416 params={'max_iter': np.int64(10000), 'alpha': 8.291189979207587}
2025-12-12 22:24:59,958 | INFO | [keep] ridge#2 score=-0.12548 params={'max_iter': np.int64(10000), 'alpha': 7.08481306320402}
2025-12-12 22:25:20,863 | INFO | [keep] lasso#1 score=0.01220 params={'max_iter': np.int64(10000), 'alpha': 0.06236650188352654}
2025-12-12 22:25:20,870 | INFO | [keep] lasso#2 score=0.01154 params={'max_iter': np.int64(10000), 'alpha': 0.05627949975223145}
2025-12-12 22:25:45,520 | INFO | [keep] elasticnet#1 score=0.01031 params={'max_iter': np.int64(10000), 'alpha': 0.23948569385987084, 'l1_ratio': 0.36756187004789653}
2025-12-12 22:25:45,527 | INFO | [keep] elasticnet#2 score=0.00993 params={'max_iter': np.int64(10000), 'alpha': 0.06873278384941513, 'l1_ratio': 0.7038885835403663}
2025-12-12 22:25:46,027 | INFO | [keep] pcr#1 score=-0.00116 params={'pca__n_components': 1, 'ridge__alpha': 1.0}
2025-12-12 22:25:46,035 | INFO | [keep] pcr#2 score=-0.00116 params={'pca__n_components': 1, 'ridge__alpha': 0.1}
2025-12-12 22:25:46,125 | INFO | [keep] pls#1 score=-0.03145 params={'n_components': 2}
2025-12-12 22:25:46,132 | INFO | [keep] pls#2 score=-0.03653 params={'n_components': 1}
2025-12-12 22:25:46,132 | INFO | Training FFN: ['ffn']
2025-12-12 22:29:07,971 | INFO | [keep] ffn#1 score=0.00762 params={'ffn__activation': np.str_('relu'), 'ffn__batch_size': np.int64(512), 'ffn__device': np.str_('auto'), 'ffn__hidden_width': np.int64(64), 'ffn__huber_delta': np.float64(2.0), 'ffn__learning_rate': np.float64(0.001), 'ffn__loss': np.str_('mse'), 'ffn__max_epochs': np.int64(100), 'ffn__n_hidden_layers': np.int64(3), 'ffn__patience': np.int64(20), 'ffn__seed': np.int64(0), 'ffn__val_split': np.float64(0.1), 'ffn__width_shrink': np.float64(1.0), 'ffn__dropout': 0.08654293111455859, 'ffn__weight_decay': 1.9946384472763202e-05}
2025-12-12 22:29:09,136 | INFO | [keep] ffn#2 score=0.00391 params={'ffn__activation': np.str_('gelu'), 'ffn__batch_size': np.int64(1024), 'ffn__device': np.str_('auto'), 'ffn__hidden_width': np.int64(64), 'ffn__huber_delta': np.float64(1.0), 'ffn__learning_rate': np.float64(0.0005), 'ffn__loss': np.str_('mse'), 'ffn__max_epochs': np.int64(50), 'ffn__n_hidden_layers': np.int64(2), 'ffn__patience': np.int64(5), 'ffn__seed': np.int64(0), 'ffn__val_split': np.float64(0.1), 'ffn__width_shrink': np.float64(1.0), 'ffn__dropout': 0.006592090647876525, 'ffn__weight_decay': 1.3312453834558391e-05}
2025-12-12 22:29:09,136 | INFO | Training trees: ['rf', 'lgbm_gbdt', 'lgbm_dart']
2025-12-12 22:33:45,288 | INFO | [keep] rf#1 score=0.01395 params={'bootstrap': True, 'max_depth': 12, 'max_features': 'sqrt', 'max_samples': 0.5, 'min_samples_leaf': 50, 'min_samples_split': 2, 'n_estimators': 1000}
2025-12-12 22:33:47,546 | INFO | [keep] rf#2 score=0.01386 params={'bootstrap': True, 'max_depth': 12, 'max_features': 'sqrt', 'max_samples': 0.7, 'min_samples_leaf': 20, 'min_samples_split': 10, 'n_estimators': 1500}
2025-12-12 22:34:02,052 | INFO | [keep] lgbm_gbdt#1 score=0.02244 params={'bagging_freq': np.int64(1), 'colsample_bytree': np.float64(0.8), 'learning_rate': np.float64(0.005), 'max_bin': np.int64(255), 'max_depth': np.int64(-1), 'min_child_samples': np.int64(50), 'n_estimators': np.int64(3000), 'num_leaves': np.int64(63), 'subsample': np.float64(0.8), 'verbosity': np.int64(-1), 'reg_alpha': 0.49133425416186965, 'reg_lambda': 6.816785745902279} | n_estimators(refit)=266
2025-12-12 22:34:02,191 | INFO | [keep] lgbm_gbdt#2 score=0.02169 params={'bagging_freq': np.int64(10), 'colsample_bytree': np.float64(0.8), 'learning_rate': np.float64(0.02), 'max_bin': np.int64(255), 'max_depth': np.int64(-1), 'min_child_samples': np.int64(50), 'n_estimators': np.int64(2000), 'num_leaves': np.int64(63), 'subsample': np.float64(1.0), 'verbosity': np.int64(-1), 'reg_alpha': 4.266367845929973e-05, 'reg_lambda': 0.0033418888058123737} | n_estimators(refit)=61
2025-12-12 22:41:07,720 | INFO | [keep] lgbm_dart#1 score=0.01623 params={'bagging_freq': np.int64(1), 'colsample_bytree': np.float64(1.0), 'drop_rate': np.float64(0.05), 'learning_rate': np.float64(0.003), 'max_bin': np.int64(127), 'max_depth': np.int64(-1), 'max_drop': np.int64(50), 'min_child_samples': np.int64(50), 'min_child_weight': np.float64(0.1), 'min_split_gain': np.float64(0.0), 'n_estimators': np.int64(1200), 'num_leaves': np.int64(63), 'skip_drop': np.float64(0.5), 'subsample': np.float64(0.8), 'verbosity': np.int64(-1), 'reg_alpha': 3.093731730342483, 'reg_lambda': 1.5946590546637215e-06}
2025-12-12 22:41:18,168 | INFO | [keep] lgbm_dart#2 score=0.01588 params={'bagging_freq': np.int64(10), 'colsample_bytree': np.float64(1.0), 'drop_rate': np.float64(0.2), 'learning_rate': np.float64(0.005), 'max_bin': np.int64(255), 'max_depth': np.int64(-1), 'max_drop': np.int64(10), 'min_child_samples': np.int64(50), 'min_child_weight': np.float64(0.001), 'min_split_gain': np.float64(0.0), 'n_estimators': np.int64(3000), 'num_leaves': np.int64(127), 'skip_drop': np.float64(0.1), 'subsample': np.float64(0.8), 'verbosity': np.int64(-1), 'reg_alpha': 0.06927184499120616, 'reg_lambda': 5.785303828922974e-06}
