2025-12-12 21:21:17,848 | INFO | === Expanding step: train_to_2023-04__test_2023-05 ===
2025-12-12 21:21:17,848 | INFO | Step out_dir: results/dh_ret/put-all/IBMCTINTERACTIONS/monthly/2023-05
2025-12-12 21:21:17,848 | INFO | train_end=2023-04 | test_month=2023-05
2025-12-12 21:21:17,848 | INFO | Split sizes: train=2278 | val=427 | test=505
2025-12-12 21:21:17,851 | INFO | [guardrails] transform=none
2025-12-12 21:21:17,852 | INFO | [guardrails] winsor z: lower_q=0.0100 (-1.50342), upper_q=0.9900 (6.40873)
2025-12-12 21:21:18,121 | INFO | Training linear: ['ridge', 'lasso', 'elasticnet', 'pcr', 'pls']
2025-12-12 21:21:19,399 | INFO | [keep] ridge#1 score=-0.34246 params={'max_iter': np.int64(10000), 'alpha': 8.291189979207587}
2025-12-12 21:21:19,403 | INFO | [keep] ridge#2 score=-0.34916 params={'max_iter': np.int64(10000), 'alpha': 7.08481306320402}
2025-12-12 21:21:33,287 | INFO | [keep] lasso#1 score=0.01234 params={'max_iter': np.int64(10000), 'alpha': 0.16598654663071272}
2025-12-12 21:21:33,291 | INFO | [keep] lasso#2 score=0.01215 params={'max_iter': np.int64(10000), 'alpha': 0.19347247288603966}
2025-12-12 21:21:47,979 | INFO | [keep] elasticnet#1 score=0.01230 params={'max_iter': np.int64(10000), 'alpha': 0.8750516426087294, 'l1_ratio': 0.21689698439847394}
2025-12-12 21:21:47,984 | INFO | [keep] elasticnet#2 score=0.01201 params={'max_iter': np.int64(10000), 'alpha': 0.6053082080079019, 'l1_ratio': 0.3834415188257777}
2025-12-12 21:21:48,427 | INFO | [keep] pcr#1 score=0.01378 params={'pca__n_components': 5, 'ridge__alpha': 1.0}
2025-12-12 21:21:48,436 | INFO | [keep] pcr#2 score=0.01377 params={'pca__n_components': 5, 'ridge__alpha': 0.1}
2025-12-12 21:21:48,517 | INFO | [keep] pls#1 score=0.01656 params={'n_components': 1}
2025-12-12 21:21:48,523 | INFO | [keep] pls#2 score=-0.00067 params={'n_components': 2}
2025-12-12 21:21:48,523 | INFO | Training FFN: ['ffn']
2025-12-12 21:23:58,394 | INFO | [keep] ffn#1 score=0.03143 params={'ffn__activation': np.str_('gelu'), 'ffn__batch_size': np.int64(512), 'ffn__device': np.str_('auto'), 'ffn__hidden_width': np.int64(64), 'ffn__huber_delta': np.float64(1.0), 'ffn__learning_rate': np.float64(0.0001), 'ffn__loss': np.str_('mse'), 'ffn__max_epochs': np.int64(100), 'ffn__n_hidden_layers': np.int64(2), 'ffn__patience': np.int64(5), 'ffn__seed': np.int64(0), 'ffn__val_split': np.float64(0.1), 'ffn__width_shrink': np.float64(0.5), 'ffn__dropout': 0.14592313466659965, 'ffn__weight_decay': 2.2136427671228553e-05}
2025-12-12 21:23:59,615 | INFO | [keep] ffn#2 score=0.02756 params={'ffn__activation': np.str_('relu'), 'ffn__batch_size': np.int64(1024), 'ffn__device': np.str_('auto'), 'ffn__hidden_width': np.int64(128), 'ffn__huber_delta': np.float64(0.5), 'ffn__learning_rate': np.float64(0.001), 'ffn__loss': np.str_('mse'), 'ffn__max_epochs': np.int64(100), 'ffn__n_hidden_layers': np.int64(3), 'ffn__patience': np.int64(20), 'ffn__seed': np.int64(0), 'ffn__val_split': np.float64(0.1), 'ffn__width_shrink': np.float64(1.0), 'ffn__dropout': 0.25763324046957065, 'ffn__weight_decay': 2.37415736236705e-05}
2025-12-12 21:23:59,618 | INFO | Training trees: ['rf', 'lgbm_gbdt', 'lgbm_dart']
2025-12-12 21:27:45,140 | INFO | [keep] rf#1 score=0.02458 params={'bootstrap': True, 'max_depth': 12, 'max_features': 'log2', 'max_samples': 0.7, 'min_samples_leaf': 20, 'min_samples_split': 2, 'n_estimators': 600}
2025-12-12 21:27:46,439 | INFO | [keep] rf#2 score=0.02438 params={'bootstrap': True, 'max_depth': 12, 'max_features': 'log2', 'max_samples': 0.9, 'min_samples_leaf': 20, 'min_samples_split': 5, 'n_estimators': 1500}
2025-12-12 21:27:58,769 | INFO | [keep] lgbm_gbdt#1 score=0.02437 params={'bagging_freq': np.int64(1), 'colsample_bytree': np.float64(0.8), 'learning_rate': np.float64(0.02), 'max_bin': np.int64(63), 'max_depth': np.int64(3), 'min_child_samples': np.int64(200), 'n_estimators': np.int64(800), 'num_leaves': np.int64(31), 'subsample': np.float64(0.8), 'verbosity': np.int64(-1), 'reg_alpha': 0.37046162123093973, 'reg_lambda': 0.0033692658737748773} | n_estimators(refit)=112
2025-12-12 21:27:58,830 | INFO | [keep] lgbm_gbdt#2 score=0.02371 params={'bagging_freq': np.int64(1), 'colsample_bytree': np.float64(1.0), 'learning_rate': np.float64(0.01), 'max_bin': np.int64(255), 'max_depth': np.int64(4), 'min_child_samples': np.int64(50), 'n_estimators': np.int64(3000), 'num_leaves': np.int64(127), 'subsample': np.float64(0.8), 'verbosity': np.int64(-1), 'reg_alpha': 0.011518070709619632, 'reg_lambda': 0.10320701551211972} | n_estimators(refit)=126
2025-12-12 21:33:05,244 | INFO | [keep] lgbm_dart#1 score=0.01804 params={'bagging_freq': np.int64(1), 'colsample_bytree': np.float64(1.0), 'drop_rate': np.float64(0.05), 'learning_rate': np.float64(0.003), 'max_bin': np.int64(127), 'max_depth': np.int64(-1), 'max_drop': np.int64(50), 'min_child_samples': np.int64(50), 'min_child_weight': np.float64(0.1), 'min_split_gain': np.float64(0.0), 'n_estimators': np.int64(1200), 'num_leaves': np.int64(63), 'skip_drop': np.float64(0.5), 'subsample': np.float64(0.8), 'verbosity': np.int64(-1), 'reg_alpha': 3.093731730342483, 'reg_lambda': 1.5946590546637215e-06}
2025-12-12 21:33:07,918 | INFO | [keep] lgbm_dart#2 score=0.01803 params={'bagging_freq': np.int64(1), 'colsample_bytree': np.float64(1.0), 'drop_rate': np.float64(0.15), 'learning_rate': np.float64(0.02), 'max_bin': np.int64(255), 'max_depth': np.int64(4), 'max_drop': np.int64(50), 'min_child_samples': np.int64(200), 'min_child_weight': np.float64(0.01), 'min_split_gain': np.float64(0.1), 'n_estimators': np.int64(2000), 'num_leaves': np.int64(63), 'skip_drop': np.float64(0.25), 'subsample': np.float64(0.8), 'verbosity': np.int64(-1), 'reg_alpha': 2.2753654630494613e-06, 'reg_lambda': 0.024554154276324118}
