2025-12-12 21:32:31,577 | INFO | === Expanding step: train_to_2023-04__test_2023-05 ===
2025-12-12 21:32:31,577 | INFO | Step out_dir: results/dh_ret/all-all/IBMCTINTERACTIONS/monthly/2023-05
2025-12-12 21:32:31,577 | INFO | train_end=2023-04 | test_month=2023-05
2025-12-12 21:32:31,577 | INFO | Split sizes: train=4842 | val=729 | test=1135
2025-12-12 21:32:31,581 | INFO | [guardrails] transform=none
2025-12-12 21:32:31,582 | INFO | [guardrails] winsor z: lower_q=0.0100 (-1.54935), upper_q=0.9900 (5.92553)
2025-12-12 21:32:31,917 | INFO | Training linear: ['ridge', 'lasso', 'elasticnet', 'pcr', 'pls']
2025-12-12 21:32:33,614 | INFO | [keep] ridge#1 score=-0.15009 params={'max_iter': np.int64(10000), 'alpha': 5.567232047731109}
2025-12-12 21:32:33,620 | INFO | [keep] ridge#2 score=-0.15034 params={'max_iter': np.int64(10000), 'alpha': 6.842522829851383}
2025-12-12 21:33:10,287 | INFO | [keep] lasso#1 score=0.01108 params={'max_iter': np.int64(10000), 'alpha': 0.07634611079196907}
2025-12-12 21:33:10,296 | INFO | [keep] lasso#2 score=0.01068 params={'max_iter': np.int64(10000), 'alpha': 0.08432558817326784}
2025-12-12 21:33:48,554 | INFO | [keep] elasticnet#1 score=0.01025 params={'max_iter': np.int64(10000), 'alpha': 0.23948569385987084, 'l1_ratio': 0.36756187004789653}
2025-12-12 21:33:48,560 | INFO | [keep] elasticnet#2 score=0.00974 params={'max_iter': np.int64(10000), 'alpha': 0.8516144627787162, 'l1_ratio': 0.10204481074802807}
2025-12-12 21:33:49,051 | INFO | [keep] pcr#1 score=0.00537 params={'pca__n_components': 1, 'ridge__alpha': 1.0}
2025-12-12 21:33:49,059 | INFO | [keep] pcr#2 score=0.00537 params={'pca__n_components': 1, 'ridge__alpha': 0.1}
2025-12-12 21:33:49,146 | INFO | [keep] pls#1 score=-0.06422 params={'n_components': 2}
2025-12-12 21:33:49,153 | INFO | [keep] pls#2 score=-0.11386 params={'n_components': 3}
2025-12-12 21:33:49,153 | INFO | Training FFN: ['ffn']
2025-12-12 21:37:03,406 | INFO | [keep] ffn#1 score=0.00736 params={'ffn__activation': np.str_('relu'), 'ffn__batch_size': np.int64(1024), 'ffn__device': np.str_('auto'), 'ffn__hidden_width': np.int64(64), 'ffn__huber_delta': np.float64(0.5), 'ffn__learning_rate': np.float64(0.0005), 'ffn__loss': np.str_('mse'), 'ffn__max_epochs': np.int64(50), 'ffn__n_hidden_layers': np.int64(3), 'ffn__patience': np.int64(5), 'ffn__seed': np.int64(0), 'ffn__val_split': np.float64(0.1), 'ffn__width_shrink': np.float64(0.5), 'ffn__dropout': 0.16406547050082665, 'ffn__weight_decay': 6.6752987880661055e-06}
2025-12-12 21:37:06,527 | INFO | [keep] ffn#2 score=0.00704 params={'ffn__activation': np.str_('relu'), 'ffn__batch_size': np.int64(512), 'ffn__device': np.str_('auto'), 'ffn__hidden_width': np.int64(64), 'ffn__huber_delta': np.float64(2.0), 'ffn__learning_rate': np.float64(0.001), 'ffn__loss': np.str_('mse'), 'ffn__max_epochs': np.int64(100), 'ffn__n_hidden_layers': np.int64(3), 'ffn__patience': np.int64(20), 'ffn__seed': np.int64(0), 'ffn__val_split': np.float64(0.1), 'ffn__width_shrink': np.float64(0.5), 'ffn__dropout': 0.12468247828057727, 'ffn__weight_decay': 0.0006454332349976913}
2025-12-12 21:37:06,528 | INFO | Training trees: ['rf', 'lgbm_gbdt', 'lgbm_dart']
2025-12-12 21:41:20,717 | INFO | [keep] rf#1 score=0.01303 params={'bootstrap': True, 'max_depth': 12, 'max_features': 'sqrt', 'max_samples': 0.5, 'min_samples_leaf': 20, 'min_samples_split': 2, 'n_estimators': 600}
2025-12-12 21:41:22,175 | INFO | [keep] rf#2 score=0.01231 params={'bootstrap': True, 'max_depth': 12, 'max_features': 'log2', 'max_samples': 0.9, 'min_samples_leaf': 10, 'min_samples_split': 2, 'n_estimators': 1000}
2025-12-12 21:41:34,219 | INFO | [keep] lgbm_gbdt#1 score=0.01778 params={'bagging_freq': np.int64(10), 'colsample_bytree': np.float64(0.8), 'learning_rate': np.float64(0.02), 'max_bin': np.int64(63), 'max_depth': np.int64(-1), 'min_child_samples': np.int64(50), 'n_estimators': np.int64(800), 'num_leaves': np.int64(63), 'subsample': np.float64(1.0), 'verbosity': np.int64(-1), 'reg_alpha': 0.01985005396378788, 'reg_lambda': 0.005616032613563234} | n_estimators(refit)=33
2025-12-12 21:41:34,327 | INFO | [keep] lgbm_gbdt#2 score=0.01711 params={'bagging_freq': np.int64(10), 'colsample_bytree': np.float64(0.8), 'learning_rate': np.float64(0.005), 'max_bin': np.int64(63), 'max_depth': np.int64(-1), 'min_child_samples': np.int64(50), 'n_estimators': np.int64(2000), 'num_leaves': np.int64(31), 'subsample': np.float64(1.0), 'verbosity': np.int64(-1), 'reg_alpha': 0.0038614840301041614, 'reg_lambda': 0.011564582544083464} | n_estimators(refit)=106
2025-12-12 21:49:48,479 | INFO | [keep] lgbm_dart#1 score=0.01792 params={'bagging_freq': np.int64(10), 'colsample_bytree': np.float64(1.0), 'drop_rate': np.float64(0.2), 'learning_rate': np.float64(0.01), 'max_bin': np.int64(255), 'max_depth': np.int64(-1), 'max_drop': np.int64(10), 'min_child_samples': np.int64(100), 'min_child_weight': np.float64(0.001), 'min_split_gain': np.float64(0.1), 'n_estimators': np.int64(2000), 'num_leaves': np.int64(127), 'skip_drop': np.float64(0.25), 'subsample': np.float64(0.8), 'verbosity': np.int64(-1), 'reg_alpha': 0.0002744715100024846, 'reg_lambda': 4.14703477353411e-06}
2025-12-12 21:49:50,426 | INFO | [keep] lgbm_dart#2 score=0.01537 params={'bagging_freq': np.int64(1), 'colsample_bytree': np.float64(1.0), 'drop_rate': np.float64(0.2), 'learning_rate': np.float64(0.005), 'max_bin': np.int64(255), 'max_depth': np.int64(-1), 'max_drop': np.int64(10), 'min_child_samples': np.int64(100), 'min_child_weight': np.float64(0.01), 'min_split_gain': np.float64(0.1), 'n_estimators': np.int64(800), 'num_leaves': np.int64(127), 'skip_drop': np.float64(0.5), 'subsample': np.float64(1.0), 'verbosity': np.int64(-1), 'reg_alpha': 0.05486707083399466, 'reg_lambda': 0.0014682254745165147}
